<?xml version="1.0" encoding="UTF-8"?>
<!-- Generated by org.testng.reporters.JUnitReportReporter -->
<testsuite hostname="Akash_Laptop" failures="0" tests="2" name="tests.LoginTest" time="37.508" errors="0" timestamp="2025-05-21T16:24:42 IST" skipped="0">
  <testcase classname="tests.LoginTest" name="loginTest" time="24.091"/>
  <testcase classname="tests.LoginTest" name="loginTest" time="13.417"/>
</testsuite> <!-- tests.LoginTest -->
