<?xml version="1.0" encoding="UTF-8"?>
<!-- Generated by org.testng.reporters.JUnitReportReporter -->
<testsuite hostname="Akash_Laptop" failures="0" tests="2" name="tests.LoginTest" time="33.872" errors="0" timestamp="2025-05-21T18:46:43 IST" skipped="0">
  <testcase classname="tests.LoginTest" name="loginTest" time="25.157"/>
  <testcase classname="tests.LoginTest" name="loginTest" time="8.715"/>
</testsuite> <!-- tests.LoginTest -->
