<?xml version="1.0" encoding="UTF-8"?>
<!-- Generated by org.testng.reporters.JUnitReportReporter -->
<testsuite hostname="Akash_Laptop" failures="0" tests="1" name="tests.LoginTest" time="13.926" errors="0" timestamp="2025-05-21T09:22:51 IST" skipped="0">
  <testcase classname="tests.LoginTest" name="testValidLogin" time="13.926"/>
</testsuite> <!-- tests.LoginTest -->
