<?xml version="1.0" encoding="UTF-8"?>
<!-- Generated by org.testng.reporters.JUnitReportReporter -->
<testsuite hostname="Akash_Laptop" failures="0" tests="2" name="tests.LoginTest" time="23.259" errors="0" timestamp="2025-05-21T16:29:52 IST" skipped="0">
  <testcase classname="tests.LoginTest" name="loginTest" time="6.061"/>
  <testcase classname="tests.LoginTest" name="loginTest" time="17.198"/>
</testsuite> <!-- tests.LoginTest -->
